<?xml version="1.0" encoding="UTF-8"?>
<!-- Generated by org.testng.reporters.JUnitReportReporter -->
<testsuite hostname="Sachin" failures="0" tests="5" name="RegressionTesting.giftCardScenario" time="5.658" errors="0" timestamp="2021-08-04T13:30:18 IST" skipped="0">
  <testcase classname="RegressionTesting.giftCardScenario" name="giftCards" time="2.122"/>
  <system-out/>
  <testcase classname="RegressionTesting.giftCardScenario" name="verifyGiftCardTitle" time="0.021"/>
  <system-out/>
  <testcase classname="RegressionTesting.giftCardScenario" name="verifyGiftCard" time="0.134"/>
  <system-out/>
  <testcase classname="RegressionTesting.giftCardScenario" name="buyGiftCard" time="2.113"/>
  <system-out/>
  <testcase classname="RegressionTesting.giftCardScenario" name="verifyMajorErrorMessage" time="1.268"/>
  <system-out/>
</testsuite> <!-- RegressionTesting.giftCardScenario -->
