<?xml version="1.0" encoding="UTF-8"?>
<!-- Generated by org.testng.reporters.JUnitReportReporter -->
<testsuite hostname="LAPTOP-U9BUGGJ3" failures="0" tests="6" name="RegressionTesting.cabScenario" time="11.885" errors="0" timestamp="2021-07-13T22:13:29 IST" skipped="0">
  <testcase classname="RegressionTesting.cabScenario" name="getCabDetails" time="0.781"/>
  <system-out/>
  <testcase classname="RegressionTesting.cabScenario" name="time" time="8.270"/>
  <system-out/>
  <testcase classname="RegressionTesting.cabScenario" name="searchCab" time="0.783"/>
  <system-out/>
  <testcase classname="RegressionTesting.cabScenario" name="departure" time="0.918"/>
  <system-out/>
  <testcase classname="RegressionTesting.cabScenario" name="arrival" time="0.613"/>
  <system-out/>
  <testcase classname="RegressionTesting.cabScenario" name="calender" time="0.520"/>
  <system-out/>
</testsuite> <!-- RegressionTesting.cabScenario -->
