<?xml version="1.0" encoding="UTF-8"?>
<!-- Generated by org.testng.reporters.JUnitReportReporter -->
<testsuite hostname="Sachin" failures="0" tests="1" name="SmokeTesting.smokeTest" time="6.690" errors="0" timestamp="2021-07-18T15:06:39 IST" skipped="0">
  <testcase classname="SmokeTesting.smokeTest" name="verifyFathersDayGiftCard" time="6.690"/>
  <system-out/>
</testsuite> <!-- SmokeTesting.smokeTest -->
