<?xml version="1.0" encoding="UTF-8"?>
<!-- Generated by org.testng.reporters.JUnitReportReporter -->
<testsuite hostname="LAPTOP-U9BUGGJ3" failures="0" tests="1" name="makeMyTripTests" time="0.005" errors="0" timestamp="2021-07-11T21:58:36 IST" skipped="0">
  <testcase classname="makeMyTripTests" name="buyGiftCard" time="0.005"/>
  <system-out/>
</testsuite> <!-- makeMyTripTests -->
