<?xml version="1.0" encoding="UTF-8"?>
<!-- Generated by org.testng.reporters.JUnitReportReporter -->
<testsuite hostname="Sachin" failures="0" tests="1" name="RegressionTesting.cabScenario" time="3.742" errors="0" timestamp="2021-07-17T14:44:00 IST" skipped="0">
  <testcase classname="RegressionTesting.cabScenario" name="searchCab" time="3.742"/>
  <system-out/>
</testsuite> <!-- RegressionTesting.cabScenario -->
