<?xml version="1.0" encoding="UTF-8"?>
<!-- Generated by org.testng.reporters.JUnitReportReporter -->
<testsuite hostname="Sachin" failures="0" tests="1" name="RegressionTesting.hotelScenario" time="5.173" errors="0" timestamp="2021-07-17T14:13:06 IST" skipped="0">
  <testcase classname="RegressionTesting.hotelScenario" name="getAdultsList" time="5.173"/>
  <system-out/>
</testsuite> <!-- RegressionTesting.hotelScenario -->
