<?xml version="1.0" encoding="UTF-8"?>
<!-- Generated by org.testng.reporters.JUnitReportReporter -->
<testsuite hostname="Sachin" failures="0" tests="1" name="RegressionTesting.hotelScenario" time="4.716" errors="0" timestamp="2021-07-18T20:47:29 IST" skipped="0">
  <testcase classname="RegressionTesting.hotelScenario" name="getAdultsList" time="4.716"/>
  <system-out/>
</testsuite> <!-- RegressionTesting.hotelScenario -->
