<?xml version="1.0" encoding="UTF-8"?>
<!-- Generated by org.testng.reporters.JUnitReportReporter -->
<testsuite hostname="Sachin" failures="0" tests="7" name="SmokeTesting.smokeTest" time="34.031" errors="0" timestamp="2021-08-04T13:30:18 IST" skipped="0">
  <testcase classname="SmokeTesting.smokeTest" name="getHomePageSignature" time="1.411"/>
  <system-out/>
  <testcase classname="SmokeTesting.smokeTest" name="verifyCountry" time="0.842"/>
  <system-out/>
  <testcase classname="SmokeTesting.smokeTest" name="verifyLoginButton" time="0.826"/>
  <system-out/>
  <testcase classname="SmokeTesting.smokeTest" name="loginWithGmail" time="1.660"/>
  <system-out/>
  <testcase classname="SmokeTesting.smokeTest" name="loginWithGmail" time="13.561"/>
  <system-out/>
  <testcase classname="SmokeTesting.smokeTest" name="loginFromPopUp" time="5.105"/>
  <system-out/>
  <testcase classname="SmokeTesting.smokeTest" name="loginFromPopUp" time="10.626"/>
  <system-out/>
</testsuite> <!-- SmokeTesting.smokeTest -->
