<?xml version="1.0" encoding="UTF-8"?>
<!-- Generated by org.testng.reporters.JUnitReportReporter -->
<testsuite hostname="Sachin" failures="0" tests="2" name="RegressionTesting.giftCardScenario" time="4.453" errors="0" timestamp="2021-07-14T22:14:59 IST" skipped="0">
  <testcase classname="RegressionTesting.giftCardScenario" name="giftCards" time="2.920"/>
  <system-out/>
  <testcase classname="RegressionTesting.giftCardScenario" name="buyGiftCard" time="1.533"/>
  <system-out/>
</testsuite> <!-- RegressionTesting.giftCardScenario -->
