<?xml version="1.0" encoding="UTF-8"?>
<!-- Generated by org.testng.reporters.JUnitReportReporter -->
<testsuite hostname="Sachin" failures="0" tests="17" name="SmokeTesting.smokeTest" time="39.245" errors="0" timestamp="2021-07-18T16:07:27 IST" skipped="0">
  <testcase classname="SmokeTesting.smokeTest" name="getHomePageSignature" time="0.265"/>
  <system-out/>
  <testcase classname="SmokeTesting.smokeTest" name="verifyCountry" time="0.555"/>
  <system-out/>
  <testcase classname="SmokeTesting.smokeTest" name="verifyLoginButton" time="0.560"/>
  <system-out/>
  <testcase classname="SmokeTesting.smokeTest" name="loginWithGmail" time="1.637"/>
  <system-out/>
  <testcase classname="SmokeTesting.smokeTest" name="loginFromPopUp" time="10.105"/>
  <system-out/>
  <testcase classname="SmokeTesting.smokeTest" name="verifyBuyNowButton" time="7.176"/>
  <system-out/>
  <testcase classname="SmokeTesting.smokeTest" name="verifyCabButton" time="2.133"/>
  <system-out/>
  <testcase classname="SmokeTesting.smokeTest" name="verifySelectedRadioButton" time="1.244"/>
  <system-out/>
  <testcase classname="SmokeTesting.smokeTest" name="verifyErrorForSameCitySelected" time="3.046"/>
  <system-out/>
  <testcase classname="SmokeTesting.smokeTest" name="verifyCalenderDropDown" time="0.001"/>
  <system-out/>
  <testcase classname="SmokeTesting.smokeTest" name="verifyPickUpTimeDropDown" time="0.001"/>
  <system-out/>
  <testcase classname="SmokeTesting.smokeTest" name="verifyCabSearchButton" time="0.552"/>
  <system-out/>
  <testcase classname="SmokeTesting.smokeTest" name="verifySUVButton" time="0.000"/>
  <system-out/>
  <testcase classname="SmokeTesting.smokeTest" name="verifyHotelButton" time="0.559"/>
  <system-out/>
  <testcase classname="SmokeTesting.smokeTest" name="verifyGiftCardTitle" time="5.181"/>
  <system-out/>
  <testcase classname="SmokeTesting.smokeTest" name="verifyFathersDayGiftCard" time="6.230"/>
  <system-out/>
  <testcase classname="SmokeTesting.smokeTest" name="verifyRoomsAndGuestButton" time="0.000"/>
  <system-out/>
</testsuite> <!-- SmokeTesting.smokeTest -->
