<?xml version="1.0" encoding="UTF-8"?>
<!-- Generated by org.testng.reporters.JUnitReportReporter -->
<testsuite hostname="Sachin" failures="0" tests="7" name="SmokeTesting.smokeTest" time="47.631" errors="0" timestamp="2021-07-25T13:24:54 IST" skipped="0">
  <testcase classname="SmokeTesting.smokeTest" name="getHomePageSignature" time="1.450"/>
  <system-out/>
  <testcase classname="SmokeTesting.smokeTest" name="verifyCountry" time="0.971"/>
  <system-out/>
  <testcase classname="SmokeTesting.smokeTest" name="verifyLoginButton" time="0.930"/>
  <system-out/>
  <testcase classname="SmokeTesting.smokeTest" name="loginWithGmail" time="21.780"/>
  <system-out/>
  <testcase classname="SmokeTesting.smokeTest" name="loginWithGmail" time="22.320"/>
  <system-out/>
  <testcase classname="SmokeTesting.smokeTest" name="loginFromPopUp" time="0.104"/>
  <system-out/>
  <testcase classname="SmokeTesting.smokeTest" name="loginFromPopUp" time="0.076"/>
  <system-out/>
</testsuite> <!-- SmokeTesting.smokeTest -->
