<?xml version="1.0" encoding="UTF-8"?>
<!-- Generated by org.testng.reporters.JUnitReportReporter -->
<testsuite hostname="Sachin" failures="0" tests="2" name="SmokeTesting.logingIn" time="13.496" errors="0" timestamp="2021-07-17T14:13:06 IST" skipped="0">
  <testcase classname="SmokeTesting.logingIn" name="loginWithGmail" time="13.479"/>
  <system-out/>
  <testcase classname="SmokeTesting.logingIn" name="loginFromPopUp" time="0.017"/>
  <system-out/>
</testsuite> <!-- SmokeTesting.logingIn -->
