<?xml version="1.0" encoding="UTF-8"?>
<!-- Generated by org.testng.reporters.JUnitReportReporter -->
<testsuite hostname="Sachin" failures="0" tests="6" name="SmokeTesting.smokeTest" time="34.459" errors="0" timestamp="2021-07-18T15:53:09 IST" skipped="0">
  <testcase classname="SmokeTesting.smokeTest" name="getHomePageSignature" time="0.269"/>
  <system-out/>
  <testcase classname="SmokeTesting.smokeTest" name="loginWithGmail" time="18.531"/>
  <system-out/>
  <testcase classname="SmokeTesting.smokeTest" name="loginFromPopUp" time="0.021"/>
  <system-out/>
  <testcase classname="SmokeTesting.smokeTest" name="verifyGiftCardTitle" time="5.322"/>
  <system-out/>
  <testcase classname="SmokeTesting.smokeTest" name="verifyFathersDayGiftCard" time="6.168"/>
  <system-out/>
  <testcase classname="SmokeTesting.smokeTest" name="verifyBuyNowButton" time="4.148"/>
  <system-out/>
</testsuite> <!-- SmokeTesting.smokeTest -->
