<?xml version="1.0" encoding="UTF-8"?>
<!-- Generated by org.testng.reporters.JUnitReportReporter -->
<testsuite hostname="LAPTOP-U9BUGGJ3" failures="0" tests="1" name="SmokeTesting.logingIn" time="12.858" errors="0" timestamp="2021-07-13T00:11:43 IST" skipped="0">
  <testcase classname="SmokeTesting.logingIn" name="loginFromPopUp" time="12.858"/>
  <system-out/>
</testsuite> <!-- SmokeTesting.logingIn -->
