<?xml version="1.0" encoding="UTF-8"?>
<!-- Generated by org.testng.reporters.JUnitReportReporter -->
<testsuite hostname="Sachin" failures="0" tests="2" name="RegressionTesting.giftCardScenario" time="11.344" errors="0" timestamp="2021-07-18T14:50:32 IST" skipped="0">
  <testcase classname="RegressionTesting.giftCardScenario" name="buyGiftCard" time="8.440"/>
  <system-out/>
  <testcase classname="RegressionTesting.giftCardScenario" name="giftCards" time="2.904"/>
  <system-out/>
</testsuite> <!-- RegressionTesting.giftCardScenario -->
