<?xml version="1.0" encoding="UTF-8"?>
<!-- Generated by org.testng.reporters.JUnitReportReporter -->
<testsuite hostname="Sachin" failures="0" tests="5" name="RegressionTesting.hotelScenario" time="13.049" errors="0" timestamp="2021-08-04T13:30:18 IST" skipped="0">
  <testcase classname="RegressionTesting.hotelScenario" name="enterCity" time="5.426"/>
  <system-out/>
  <testcase classname="RegressionTesting.hotelScenario" name="enterCheckInCheckOutDate" time="2.028"/>
  <system-out/>
  <testcase classname="RegressionTesting.hotelScenario" name="verifyRoomsAndGuestButton" time="0.906"/>
  <system-out/>
  <testcase classname="RegressionTesting.hotelScenario" name="getAdultsList" time="1.054"/>
  <system-out/>
  <testcase classname="RegressionTesting.hotelScenario" name="verifyFreeBreakfastCheckBox" time="3.635"/>
  <system-out/>
</testsuite> <!-- RegressionTesting.hotelScenario -->
