<?xml version="1.0" encoding="UTF-8"?>
<!-- Generated by org.testng.reporters.JUnitReportReporter -->

<testsuite hostname="DESKTOP-J31I2ID" failures="0" tests="1" name="makeMyTripTests" time="11.098" errors="0" timestamp="2021-07-10T15:13:33 IST" skipped="0">
  <testcase classname="makeMyTripTests" name="getHomePageSignature" time="11.098"/>

<testsuite hostname="DESKTOP-MSFHR6T" failures="0" tests="1" name="makeMyTripTests" time="9.866" errors="0" timestamp="2021-07-10T15:10:22 IST" skipped="0">
  <testcase classname="makeMyTripTests" name="loginWithGmail" time="9.866"/>

  <system-out/>
</testsuite> <!-- makeMyTripTests -->
