<?xml version="1.0" encoding="UTF-8"?>
<!-- Generated by org.testng.reporters.JUnitReportReporter -->
<testsuite hostname="Sachin" failures="0" tests="6" name="RegressionTesting.cabScenario" time="30.566" errors="0" timestamp="2021-07-25T13:24:54 IST" skipped="0">
  <testcase classname="RegressionTesting.cabScenario" name="searchCab" time="3.322"/>
  <system-out/>
  <testcase classname="RegressionTesting.cabScenario" name="departure" time="2.254"/>
  <system-out/>
  <testcase classname="RegressionTesting.cabScenario" name="arrival" time="1.784"/>
  <system-out/>
  <testcase classname="RegressionTesting.cabScenario" name="calender" time="2.399"/>
  <system-out/>
  <testcase classname="RegressionTesting.cabScenario" name="time" time="8.248"/>
  <system-out/>
  <testcase classname="RegressionTesting.cabScenario" name="getCabDetails" time="12.559"/>
  <system-out/>
</testsuite> <!-- RegressionTesting.cabScenario -->
