<?xml version="1.0" encoding="UTF-8"?>
<!-- Generated by org.testng.reporters.JUnitReportReporter -->
<testsuite hostname="DESKTOP-U7F38HD" failures="0" tests="1" name="SmokeTesting.smokeTest" time="5.983" errors="0" timestamp="2021-07-18T15:05:57 IST" skipped="0">
  <testcase classname="SmokeTesting.smokeTest" name="verifyErrorForSameCitySelected" time="5.983"/>
  <system-out/>
</testsuite> <!-- SmokeTesting.smokeTest -->
