<?xml version="1.0" encoding="UTF-8"?>
<!-- Generated by org.testng.reporters.JUnitReportReporter -->
<testsuite hostname="Sachin" failures="0" tests="6" name="RegressionTesting.cabScenario" time="18.155" errors="0" timestamp="2021-08-04T13:30:18 IST" skipped="0">
  <testcase classname="RegressionTesting.cabScenario" name="searchCab" time="2.182"/>
  <system-out/>
  <testcase classname="RegressionTesting.cabScenario" name="departure" time="1.531"/>
  <system-out/>
  <testcase classname="RegressionTesting.cabScenario" name="arrival" time="1.890"/>
  <system-out/>
  <testcase classname="RegressionTesting.cabScenario" name="calender" time="1.234"/>
  <system-out/>
  <testcase classname="RegressionTesting.cabScenario" name="time" time="3.048"/>
  <system-out/>
  <testcase classname="RegressionTesting.cabScenario" name="getCabDetails" time="8.270"/>
  <system-out/>
</testsuite> <!-- RegressionTesting.cabScenario -->
