<?xml version="1.0" encoding="UTF-8"?>
<!-- Generated by org.testng.reporters.JUnitReportReporter -->
<testsuite hostname="Sachin" failures="0" tests="19" name="SmokeTesting.smokeTest" time="51.255" errors="0" timestamp="2021-07-18T20:47:29 IST" skipped="0">
  <testcase classname="SmokeTesting.smokeTest" name="getHomePageSignature" time="0.834"/>
  <system-out/>
  <testcase classname="SmokeTesting.smokeTest" name="verifyCountry" time="1.129"/>
  <system-out/>
  <testcase classname="SmokeTesting.smokeTest" name="verifyLoginButton" time="0.558"/>
  <system-out/>
  <testcase classname="SmokeTesting.smokeTest" name="loginWithGmail" time="1.648"/>
  <system-out/>
  <testcase classname="SmokeTesting.smokeTest" name="loginWithGmail" time="1.583"/>
  <system-out/>
  <testcase classname="SmokeTesting.smokeTest" name="loginFromPopUp" time="10.133"/>
  <system-out/>
  <testcase classname="SmokeTesting.smokeTest" name="loginFromPopUp" time="10.833"/>
  <system-out/>
  <testcase classname="SmokeTesting.smokeTest" name="verifyBuyNowButton" time="9.524"/>
  <system-out/>
  <testcase classname="SmokeTesting.smokeTest" name="verifyCabButton" time="2.165"/>
  <system-out/>
  <testcase classname="SmokeTesting.smokeTest" name="verifySelectedRadioButton" time="1.222"/>
  <system-out/>
  <testcase classname="SmokeTesting.smokeTest" name="verifyErrorForSameCitySelected" time="3.137"/>
  <system-out/>
  <testcase classname="SmokeTesting.smokeTest" name="verifyCalenderDropDown" time="0.000"/>
  <system-out/>
  <testcase classname="SmokeTesting.smokeTest" name="verifyPickUpTimeDropDown" time="0.000"/>
  <system-out/>
  <testcase classname="SmokeTesting.smokeTest" name="verifyCabSearchButton" time="0.558"/>
  <system-out/>
  <testcase classname="SmokeTesting.smokeTest" name="verifySUVButton" time="0.000"/>
  <system-out/>
  <testcase classname="SmokeTesting.smokeTest" name="verifyHotelButton" time="0.573"/>
  <system-out/>
  <testcase classname="SmokeTesting.smokeTest" name="verifyGiftCardTitle" time="2.698"/>
  <system-out/>
  <testcase classname="SmokeTesting.smokeTest" name="verifyFathersDayGiftCard" time="4.660"/>
  <system-out/>
  <testcase classname="SmokeTesting.smokeTest" name="verifyRoomsAndGuestButton" time="0.000"/>
  <system-out/>
</testsuite> <!-- SmokeTesting.smokeTest -->
