<?xml version="1.0" encoding="UTF-8"?>
<!-- Generated by org.testng.reporters.JUnitReportReporter -->
<testsuite hostname="LAPTOP-U9BUGGJ3" failures="0" tests="1" name="Executor.testExecutor" time="0.419" errors="0" timestamp="2021-07-13T22:05:22 IST" skipped="0">
  <testcase classname="Executor.testExecutor" name="getHomePageSignature" time="0.419"/>
  <system-out/>
</testsuite> <!-- Executor.testExecutor -->
