<?xml version="1.0" encoding="UTF-8"?>
<!-- Generated by org.testng.reporters.JUnitReportReporter -->
<<<<<<< HEAD
<testsuite hostname="LAPTOP-U9BUGGJ3" failures="0" tests="1" name="makeMyTripTests" time="0.005" errors="0" timestamp="2021-07-12T16:14:01 IST" skipped="0">
  <testcase classname="makeMyTripTests" name="buyGiftCard" time="0.005"/>
=======
<testsuite hostname="DESKTOP-J31I2ID" failures="0" tests="1" name="makeMyTripTests" time="0.012" errors="0" timestamp="2021-07-12T16:15:39 IST" skipped="0">
  <testcase classname="makeMyTripTests" name="buyGiftCard" time="0.012"/>
>>>>>>> 852c2055a133e9da0bc360c855149b54dbecf3c3
  <system-out/>
</testsuite> <!-- makeMyTripTests -->
