<?xml version="1.0" encoding="UTF-8"?>
<!-- Generated by org.testng.reporters.JUnitReportReporter -->
<testsuite hostname="DESKTOP-J31I2ID" failures="0" tests="1" name="makeMyTripTests" time="0.012" errors="0" timestamp="2021-07-12T16:15:39 IST" skipped="0">
  <testcase classname="makeMyTripTests" name="buyGiftCard" time="0.012"/>
  <system-out/>
</testsuite> <!-- makeMyTripTests -->
