<?xml version="1.0" encoding="UTF-8"?>
<!-- Generated by org.testng.reporters.JUnitReportReporter -->
<testsuite hostname="Sachin" failures="0" tests="5" name="RegressionTesting.giftCardScenario" time="14.114" errors="0" timestamp="2021-07-24T16:03:29 IST" skipped="0">
  <testcase classname="RegressionTesting.giftCardScenario" name="giftCards" time="1.894"/>
  <system-out/>
  <testcase classname="RegressionTesting.giftCardScenario" name="verifyGiftCardTitle" time="2.017"/>
  <system-out/>
  <testcase classname="RegressionTesting.giftCardScenario" name="verifyGiftCard" time="1.047"/>
  <system-out/>
  <testcase classname="RegressionTesting.giftCardScenario" name="buyGiftCard" time="4.127"/>
  <system-out/>
  <testcase classname="RegressionTesting.giftCardScenario" name="verifyMajorErrorMessage" time="5.029"/>
  <system-out/>
</testsuite> <!-- RegressionTesting.giftCardScenario -->
