<?xml version="1.0" encoding="UTF-8"?>
<!-- Generated by org.testng.reporters.JUnitReportReporter -->
<<<<<<< HEAD
<testsuite hostname="Sachin" failures="0" tests="3" name="SmokeTesting.logingIn" time="3.821" errors="0" timestamp="2021-07-14T21:53:51 IST" skipped="0">
  <testcase classname="SmokeTesting.logingIn" name="getHomePageSignature" time="0.299"/>
  <system-out/>
  <testcase classname="SmokeTesting.logingIn" name="loginWithGmail" time="3.500"/>
  <system-out/>
  <testcase classname="SmokeTesting.logingIn" name="loginFromPopUp" time="0.022"/>
=======
<testsuite hostname="DESKTOP-50JK38S" failures="0" tests="4" name="SmokeTesting.logingIn" time="17.036" errors="0" timestamp="2021-07-15T09:26:33 IST" skipped="0">
  <testcase classname="SmokeTesting.logingIn" name="getHomePageSignature" time="2.733"/>
  <system-out/>
  <testcase classname="SmokeTesting.logingIn" name="verifyGiftCardTitle" time="14.162"/>
  <system-out/>
  <testcase classname="SmokeTesting.logingIn" name="loginWithGmail" time="0.089"/>
  <system-out/>
  <testcase classname="SmokeTesting.logingIn" name="loginFromPopUp" time="0.052"/>
>>>>>>> 837e35c6642922403714df36cda6389376953bbf
  <system-out/>
</testsuite> <!-- SmokeTesting.logingIn -->
