<?xml version="1.0" encoding="UTF-8"?>
<!-- Generated by org.testng.reporters.JUnitReportReporter -->
<testsuite hostname="Sachin" failures="0" tests="2" name="RegressionTesting.giftCardScenario" time="14.867" errors="0" timestamp="2021-07-16T11:53:43 IST" skipped="0">
  <testcase classname="RegressionTesting.giftCardScenario" name="giftCards" time="4.990"/>
  <system-out/>
  <testcase classname="RegressionTesting.giftCardScenario" name="buyGiftCard" time="9.877"/>
  <system-out/>
</testsuite> <!-- RegressionTesting.giftCardScenario -->
