<?xml version="1.0" encoding="UTF-8"?>
<!-- Generated by org.testng.reporters.JUnitReportReporter -->
<testsuite hostname="Sachin" failures="0" tests="6" name="RegressionTesting.cabScenario" time="23.260" errors="0" timestamp="2021-07-24T16:03:29 IST" skipped="0">
  <testcase classname="RegressionTesting.cabScenario" name="searchCab" time="2.093"/>
  <system-out/>
  <testcase classname="RegressionTesting.cabScenario" name="departure" time="1.529"/>
  <system-out/>
  <testcase classname="RegressionTesting.cabScenario" name="arrival" time="1.360"/>
  <system-out/>
  <testcase classname="RegressionTesting.cabScenario" name="calender" time="1.220"/>
  <system-out/>
  <testcase classname="RegressionTesting.cabScenario" name="time" time="6.394"/>
  <system-out/>
  <testcase classname="RegressionTesting.cabScenario" name="getCabDetails" time="10.664"/>
  <system-out/>
</testsuite> <!-- RegressionTesting.cabScenario -->
