<?xml version="1.0" encoding="UTF-8"?>
<!-- Generated by org.testng.reporters.JUnitReportReporter -->
<testsuite hostname="Sachin" failures="0" tests="6" name="RegressionTesting.cabScenario" time="25.841" errors="0" timestamp="2021-07-25T14:56:17 IST" skipped="0">
  <testcase classname="RegressionTesting.cabScenario" name="searchCab" time="2.502"/>
  <system-out/>
  <testcase classname="RegressionTesting.cabScenario" name="departure" time="1.718"/>
  <system-out/>
  <testcase classname="RegressionTesting.cabScenario" name="arrival" time="1.535"/>
  <system-out/>
  <testcase classname="RegressionTesting.cabScenario" name="calender" time="1.571"/>
  <system-out/>
  <testcase classname="RegressionTesting.cabScenario" name="time" time="7.083"/>
  <system-out/>
  <testcase classname="RegressionTesting.cabScenario" name="getCabDetails" time="11.432"/>
  <system-out/>
</testsuite> <!-- RegressionTesting.cabScenario -->
