<?xml version="1.0" encoding="UTF-8"?>
<!-- Generated by org.testng.reporters.JUnitReportReporter -->
<testsuite hostname="Sachin" failures="0" tests="5" name="RegressionTesting.hotelScenario" time="25.724" errors="0" timestamp="2021-07-25T13:24:54 IST" skipped="0">
  <testcase classname="RegressionTesting.hotelScenario" name="enterCity" time="5.461"/>
  <system-out/>
  <testcase classname="RegressionTesting.hotelScenario" name="enterCheckInCheckOutDate" time="4.901"/>
  <system-out/>
  <testcase classname="RegressionTesting.hotelScenario" name="verifyRoomsAndGuestButton" time="1.471"/>
  <system-out/>
  <testcase classname="RegressionTesting.hotelScenario" name="getAdultsList" time="5.323"/>
  <system-out/>
  <testcase classname="RegressionTesting.hotelScenario" name="verifyFreeBreakfastCheckBox" time="8.568"/>
  <system-out/>
</testsuite> <!-- RegressionTesting.hotelScenario -->
