<?xml version="1.0" encoding="UTF-8"?>
<!-- Generated by org.testng.reporters.JUnitReportReporter -->
<testsuite hostname="DESKTOP-50JK38S" failures="0" tests="7" name="SmokeTesting.smokeTest" time="52.216" errors="0" timestamp="2021-07-21T16:50:45 IST" skipped="0">
  <testcase classname="SmokeTesting.smokeTest" name="getHomePageSignature" time="0.908"/>
  <system-out/>
  <testcase classname="SmokeTesting.smokeTest" name="verifyCountry" time="1.137"/>
  <system-out/>
  <testcase classname="SmokeTesting.smokeTest" name="verifyLoginButton" time="0.589"/>
  <system-out/>
  <testcase classname="SmokeTesting.smokeTest" name="loginWithGmail" time="23.475"/>
  <system-out/>
  <testcase classname="SmokeTesting.smokeTest" name="loginWithGmail" time="1.683"/>
  <system-out/>
  <testcase classname="SmokeTesting.smokeTest" name="loginFromPopUp" time="24.387"/>
  <system-out/>
  <testcase classname="SmokeTesting.smokeTest" name="loginFromPopUp" time="0.037"/>
  <system-out/>
</testsuite> <!-- SmokeTesting.smokeTest -->
