<?xml version="1.0" encoding="UTF-8"?>
<!-- Generated by org.testng.reporters.JUnitReportReporter -->
<testsuite hostname="Sachin" failures="0" tests="5" name="RegressionTesting.hotelScenario" time="21.170" errors="0" timestamp="2021-07-25T14:56:17 IST" skipped="0">
  <testcase classname="RegressionTesting.hotelScenario" name="enterCity" time="4.823"/>
  <system-out/>
  <testcase classname="RegressionTesting.hotelScenario" name="enterCheckInCheckOutDate" time="4.178"/>
  <system-out/>
  <testcase classname="RegressionTesting.hotelScenario" name="verifyRoomsAndGuestButton" time="1.031"/>
  <system-out/>
  <testcase classname="RegressionTesting.hotelScenario" name="getAdultsList" time="4.771"/>
  <system-out/>
  <testcase classname="RegressionTesting.hotelScenario" name="verifyFreeBreakfastCheckBox" time="6.367"/>
  <system-out/>
</testsuite> <!-- RegressionTesting.hotelScenario -->
