<?xml version="1.0" encoding="UTF-8"?>
<!-- Generated by org.testng.reporters.JUnitReportReporter -->
<testsuite hostname="DESKTOP-50JK38S" failures="0" tests="2" name="RegressionTesting.giftCardScenario" time="21.061" errors="0" timestamp="2021-07-14T15:22:49 IST" skipped="0">
  <testcase classname="RegressionTesting.giftCardScenario" name="buyGiftCard" time="11.658"/>
  <system-out/>
  <testcase classname="RegressionTesting.giftCardScenario" name="giftCards" time="9.403"/>
  <system-out/>
</testsuite> <!-- RegressionTesting.giftCardScenario -->
