<?xml version="1.0" encoding="UTF-8"?>
<!-- Generated by org.testng.reporters.JUnitReportReporter -->
<testsuite hostname="DESKTOP-MSFHR6T" failures="0" tests="1" name="SmokeTesting.logingIn" time="6.964" errors="0" timestamp="2021-07-14T14:25:58 IST" skipped="0">
  <testcase classname="SmokeTesting.logingIn" name="verifyGiftCardTitle" time="6.964"/>
  <system-out/>
</testsuite> <!-- SmokeTesting.logingIn -->
