<?xml version="1.0" encoding="UTF-8"?>
<!-- Generated by org.testng.reporters.JUnitReportReporter -->
<testsuite hostname="Sachin" failures="0" tests="5" name="RegressionTesting.verifyVariousButtons" time="33.018" errors="0" timestamp="2021-07-24T16:03:29 IST" skipped="0">
  <testcase classname="RegressionTesting.verifyVariousButtons" name="verifyCabButton" time="1.252"/>
  <system-out/>
  <testcase classname="RegressionTesting.verifyVariousButtons" name="verifyCabSearchButton" time="7.301"/>
  <system-out/>
  <testcase classname="RegressionTesting.verifyVariousButtons" name="verifyHotelButton" time="2.780"/>
  <system-out/>
  <testcase classname="RegressionTesting.verifyVariousButtons" name="verifyHotelSearchButton" time="11.955"/>
  <system-out/>
  <testcase classname="RegressionTesting.verifyVariousButtons" name="verifyBuyNowButton" time="9.730"/>
  <system-out/>
</testsuite> <!-- RegressionTesting.verifyVariousButtons -->
