<?xml version="1.0" encoding="UTF-8"?>
<!-- Generated by org.testng.reporters.JUnitReportReporter -->
<testsuite hostname="Sachin" failures="0" tests="5" name="RegressionTesting.verifyVariousButtons" time="22.040" errors="0" timestamp="2021-08-04T13:30:18 IST" skipped="0">
  <testcase classname="RegressionTesting.verifyVariousButtons" name="verifyCabButton" time="1.255"/>
  <system-out/>
  <testcase classname="RegressionTesting.verifyVariousButtons" name="verifyCabSearchButton" time="4.346"/>
  <system-out/>
  <testcase classname="RegressionTesting.verifyVariousButtons" name="verifyHotelButton" time="1.479"/>
  <system-out/>
  <testcase classname="RegressionTesting.verifyVariousButtons" name="verifyHotelSearchButton" time="9.767"/>
  <system-out/>
  <testcase classname="RegressionTesting.verifyVariousButtons" name="verifyBuyNowButton" time="5.193"/>
  <system-out/>
</testsuite> <!-- RegressionTesting.verifyVariousButtons -->
