<?xml version="1.0" encoding="UTF-8"?>
<!-- Generated by org.testng.reporters.JUnitReportReporter -->
<testsuite hostname="Sachin" failures="0" tests="5" name="RegressionTesting.giftCardScenario" time="15.080" errors="0" timestamp="2021-07-25T14:56:17 IST" skipped="0">
  <testcase classname="RegressionTesting.giftCardScenario" name="giftCards" time="2.254"/>
  <system-out/>
  <testcase classname="RegressionTesting.giftCardScenario" name="verifyGiftCardTitle" time="2.062"/>
  <system-out/>
  <testcase classname="RegressionTesting.giftCardScenario" name="verifyGiftCard" time="1.063"/>
  <system-out/>
  <testcase classname="RegressionTesting.giftCardScenario" name="buyGiftCard" time="4.485"/>
  <system-out/>
  <testcase classname="RegressionTesting.giftCardScenario" name="verifyMajorErrorMessage" time="5.216"/>
  <system-out/>
</testsuite> <!-- RegressionTesting.giftCardScenario -->
