<?xml version="1.0" encoding="UTF-8"?>
<!-- Generated by org.testng.reporters.JUnitReportReporter -->
<testsuite hostname="LAPTOP-U9BUGGJ3" failures="0" tests="6" name="RegressionTesting.cabScenario" time="10.812" errors="0" timestamp="2021-07-14T15:40:57 IST" skipped="0">
  <testcase classname="RegressionTesting.cabScenario" name="getCabDetails" time="0.860"/>
  <system-out/>
  <testcase classname="RegressionTesting.cabScenario" name="searchCab" time="1.382"/>
  <system-out/>
  <testcase classname="RegressionTesting.cabScenario" name="time" time="5.852"/>
  <system-out/>
  <testcase classname="RegressionTesting.cabScenario" name="departure" time="1.207"/>
  <system-out/>
  <testcase classname="RegressionTesting.cabScenario" name="arrival" time="0.699"/>
  <system-out/>
  <testcase classname="RegressionTesting.cabScenario" name="calender" time="0.812"/>
  <system-out/>
</testsuite> <!-- RegressionTesting.cabScenario -->
