<?xml version="1.0" encoding="UTF-8"?>
<!-- Generated by org.testng.reporters.JUnitReportReporter -->
<testsuite hostname="Sachin" failures="0" tests="5" name="RegressionTesting.verifyVariousButtons" time="34.899" errors="0" timestamp="2021-07-25T14:56:17 IST" skipped="0">
  <testcase classname="RegressionTesting.verifyVariousButtons" name="verifyCabButton" time="2.570"/>
  <system-out/>
  <testcase classname="RegressionTesting.verifyVariousButtons" name="verifyCabSearchButton" time="6.835"/>
  <system-out/>
  <testcase classname="RegressionTesting.verifyVariousButtons" name="verifyHotelButton" time="2.974"/>
  <system-out/>
  <testcase classname="RegressionTesting.verifyVariousButtons" name="verifyHotelSearchButton" time="12.363"/>
  <system-out/>
  <testcase classname="RegressionTesting.verifyVariousButtons" name="verifyBuyNowButton" time="10.157"/>
  <system-out/>
</testsuite> <!-- RegressionTesting.verifyVariousButtons -->
