<?xml version="1.0" encoding="UTF-8"?>
<!-- Generated by org.testng.reporters.JUnitReportReporter -->
<testsuite hostname="Sachin" failures="0" tests="5" name="RegressionTesting.giftCardScenario" time="17.871" errors="0" timestamp="2021-07-25T13:24:54 IST" skipped="0">
  <testcase classname="RegressionTesting.giftCardScenario" name="giftCards" time="2.788"/>
  <system-out/>
  <testcase classname="RegressionTesting.giftCardScenario" name="verifyGiftCardTitle" time="2.028"/>
  <system-out/>
  <testcase classname="RegressionTesting.giftCardScenario" name="verifyGiftCard" time="1.089"/>
  <system-out/>
  <testcase classname="RegressionTesting.giftCardScenario" name="buyGiftCard" time="6.232"/>
  <system-out/>
  <testcase classname="RegressionTesting.giftCardScenario" name="verifyMajorErrorMessage" time="5.734"/>
  <system-out/>
</testsuite> <!-- RegressionTesting.giftCardScenario -->
