<?xml version="1.0" encoding="UTF-8"?>
<!-- Generated by org.testng.reporters.JUnitReportReporter -->
<testsuite hostname="Sachin" failures="0" tests="2" name="RegressionTesting.giftCardScenario" time="9.665" errors="0" timestamp="2021-07-17T14:13:06 IST" skipped="0">
  <testcase classname="RegressionTesting.giftCardScenario" name="giftCards" time="2.030"/>
  <system-out/>
  <testcase classname="RegressionTesting.giftCardScenario" name="buyGiftCard" time="7.635"/>
  <system-out/>
</testsuite> <!-- RegressionTesting.giftCardScenario -->
