<?xml version="1.0" encoding="UTF-8"?>
<!-- Generated by org.testng.reporters.JUnitReportReporter -->
<testsuite hostname="Sachin" failures="0" tests="3" name="SmokeTesting.logingIn" time="3.821" errors="0" timestamp="2021-07-14T21:53:51 IST" skipped="0">
  <testcase classname="SmokeTesting.logingIn" name="getHomePageSignature" time="0.299"/>
  <system-out/>
  <testcase classname="SmokeTesting.logingIn" name="loginWithGmail" time="3.500"/>
  <system-out/>
  <testcase classname="SmokeTesting.logingIn" name="loginFromPopUp" time="0.022"/>
  <system-out/>
</testsuite> <!-- SmokeTesting.logingIn -->
