<?xml version="1.0" encoding="UTF-8"?>
<!-- Generated by org.testng.reporters.JUnitReportReporter -->
<testsuite hostname="Sachin" failures="0" tests="5" name="RegressionTesting.hotelScenario" time="19.894" errors="0" timestamp="2021-07-24T16:03:29 IST" skipped="0">
  <testcase classname="RegressionTesting.hotelScenario" name="enterCity" time="4.248"/>
  <system-out/>
  <testcase classname="RegressionTesting.hotelScenario" name="enterCheckInCheckOutDate" time="3.950"/>
  <system-out/>
  <testcase classname="RegressionTesting.hotelScenario" name="verifyRoomsAndGuestButton" time="0.820"/>
  <system-out/>
  <testcase classname="RegressionTesting.hotelScenario" name="getAdultsList" time="4.657"/>
  <system-out/>
  <testcase classname="RegressionTesting.hotelScenario" name="verifyFreeBreakfastCheckBox" time="6.219"/>
  <system-out/>
</testsuite> <!-- RegressionTesting.hotelScenario -->
