<?xml version="1.0" encoding="UTF-8"?>
<!-- Generated by org.testng.reporters.JUnitReportReporter -->
<<<<<<< HEAD
<testsuite hostname="LAPTOP-U9BUGGJ3" failures="0" tests="6" name="RegressionTesting.cabScenario" time="10.812" errors="0" timestamp="2021-07-14T15:40:57 IST" skipped="0">
  <testcase classname="RegressionTesting.cabScenario" name="getCabDetails" time="0.860"/>
  <system-out/>
  <testcase classname="RegressionTesting.cabScenario" name="searchCab" time="1.382"/>
  <system-out/>
  <testcase classname="RegressionTesting.cabScenario" name="time" time="5.852"/>
  <system-out/>
  <testcase classname="RegressionTesting.cabScenario" name="departure" time="1.207"/>
  <system-out/>
  <testcase classname="RegressionTesting.cabScenario" name="arrival" time="0.699"/>
  <system-out/>
  <testcase classname="RegressionTesting.cabScenario" name="calender" time="0.812"/>
=======
<testsuite hostname="DESKTOP-50JK38S" failures="0" tests="6" name="RegressionTesting.cabScenario" time="26.154" errors="1" timestamp="2021-07-15T09:28:03 IST" skipped="1">
  <testcase classname="RegressionTesting.cabScenario" name="searchCab" time="8.936"/>
  <system-out/>
  <testcase classname="RegressionTesting.cabScenario" name="getCabDetails" time="0.001">
    <skipped/>
  </testcase> <!-- getCabDetails -->
  <system-out/>
  <testcase classname="RegressionTesting.cabScenario" name="time" time="8.271">
    <error message="element click intercepted: Element &lt;li style=&quot;background-color: rgba(0, 0, 0, 0);&quot;&gt;...&lt;/li&gt; is not clickable at point (1167, 18). Other element would receive the click: &lt;ul class=&quot;makeFlex hrtlCenter font10 blackText&quot;&gt;...&lt;/ul&gt;
  (Session info: chrome=91.0.4472.124)
Build info: version: &#039;4.0.0-beta-4&#039;, revision: &#039;29f46d02dd&#039;
System info: host: &#039;DESKTOP-50JK38S&#039;, ip: &#039;192.168.1.35&#039;, os.name: &#039;Windows 10&#039;, os.arch: &#039;amd64&#039;, os.version: &#039;10.0&#039;, java.version: &#039;16.0.1&#039;
Driver info: org.openqa.selenium.chrome.ChromeDriver
Command: [731d8db71fed91ead9e10f3512b5c20f, clickElement {id=09bec650-ab3b-42f7-bdbd-d8d59ca55c00}]
Capabilities {acceptInsecureCerts: false, browserName: chrome, browserVersion: 91.0.4472.124, chrome: {chromedriverVersion: 91.0.4472.101 (af52a90bf870..., userDataDir: C:\Users\Dell\AppData\Local...}, goog:chromeOptions: {debuggerAddress: localhost:52701}, javascriptEnabled: true, networkConnectionEnabled: false, pageLoadStrategy: normal, platform: WINDOWS, platformName: WINDOWS, proxy: Proxy(), se:cdp: ws://localhost:52701/devtoo..., se:cdpVersion: 91.0.4472.124, setWindowRect: true, strictFileInteractability: false, timeouts: {implicit: 0, pageLoad: 300000, script: 30000}, unhandledPromptBehavior: dismiss and notify, webauthn:extension:largeBlob: true, webauthn:virtualAuthenticators: true}
Element: [[ChromeDriver: chrome on WINDOWS (731d8db71fed91ead9e10f3512b5c20f)] -&gt; xpath: //ul[@class = &#039;timeDropDown blackText&#039;]/li[14]]
Session ID: 731d8db71fed91ead9e10f3512b5c20f" type="org.openqa.selenium.ElementClickInterceptedException">
      <![CDATA[org.openqa.selenium.ElementClickInterceptedException: element click intercepted: Element <li style="background-color: rgba(0, 0, 0, 0);">...</li> is not clickable at point (1167, 18). Other element would receive the click: <ul class="makeFlex hrtlCenter font10 blackText">...</ul>
  (Session info: chrome=91.0.4472.124)
Build info: version: '4.0.0-beta-4', revision: '29f46d02dd'
System info: host: 'DESKTOP-50JK38S', ip: '192.168.1.35', os.name: 'Windows 10', os.arch: 'amd64', os.version: '10.0', java.version: '16.0.1'
Driver info: org.openqa.selenium.chrome.ChromeDriver
Command: [731d8db71fed91ead9e10f3512b5c20f, clickElement {id=09bec650-ab3b-42f7-bdbd-d8d59ca55c00}]
Capabilities {acceptInsecureCerts: false, browserName: chrome, browserVersion: 91.0.4472.124, chrome: {chromedriverVersion: 91.0.4472.101 (af52a90bf870..., userDataDir: C:\Users\Dell\AppData\Local...}, goog:chromeOptions: {debuggerAddress: localhost:52701}, javascriptEnabled: true, networkConnectionEnabled: false, pageLoadStrategy: normal, platform: WINDOWS, platformName: WINDOWS, proxy: Proxy(), se:cdp: ws://localhost:52701/devtoo..., se:cdpVersion: 91.0.4472.124, setWindowRect: true, strictFileInteractability: false, timeouts: {implicit: 0, pageLoad: 300000, script: 30000}, unhandledPromptBehavior: dismiss and notify, webauthn:extension:largeBlob: true, webauthn:virtualAuthenticators: true}
Element: [[ChromeDriver: chrome on WINDOWS (731d8db71fed91ead9e10f3512b5c20f)] -> xpath: //ul[@class = 'timeDropDown blackText']/li[14]]
Session ID: 731d8db71fed91ead9e10f3512b5c20f
at java.base/jdk.internal.reflect.NativeConstructorAccessorImpl.newInstance0(Native Method)
at java.base/jdk.internal.reflect.NativeConstructorAccessorImpl.newInstance(NativeConstructorAccessorImpl.java:78)
at java.base/jdk.internal.reflect.DelegatingConstructorAccessorImpl.newInstance(DelegatingConstructorAccessorImpl.java:45)
at java.base/java.lang.reflect.Constructor.newInstanceWithCaller(Constructor.java:499)
at java.base/java.lang.reflect.Constructor.newInstance(Constructor.java:480)
at org.openqa.selenium.remote.codec.w3c.W3CHttpResponseCodec.createException(W3CHttpResponseCodec.java:200)
at org.openqa.selenium.remote.codec.w3c.W3CHttpResponseCodec.decode(W3CHttpResponseCodec.java:133)
at org.openqa.selenium.remote.codec.w3c.W3CHttpResponseCodec.decode(W3CHttpResponseCodec.java:53)
at org.openqa.selenium.remote.HttpCommandExecutor.execute(HttpCommandExecutor.java:184)
at org.openqa.selenium.remote.service.DriverCommandExecutor.invokeExecute(DriverCommandExecutor.java:162)
at org.openqa.selenium.remote.service.DriverCommandExecutor.execute(DriverCommandExecutor.java:137)
at org.openqa.selenium.remote.RemoteWebDriver.execute(RemoteWebDriver.java:612)
at org.openqa.selenium.remote.RemoteWebElement.execute(RemoteWebElement.java:235)
at org.openqa.selenium.remote.RemoteWebElement.click(RemoteWebElement.java:73)
at RegressionTesting.cabScenario.time(cabScenario.java:79)
at java.base/jdk.internal.reflect.NativeMethodAccessorImpl.invoke0(Native Method)
at java.base/jdk.internal.reflect.NativeMethodAccessorImpl.invoke(NativeMethodAccessorImpl.java:78)
at java.base/jdk.internal.reflect.DelegatingMethodAccessorImpl.invoke(DelegatingMethodAccessorImpl.java:43)
at java.base/java.lang.reflect.Method.invoke(Method.java:567)
at org.testng.internal.MethodInvocationHelper.invokeMethod(MethodInvocationHelper.java:133)
at org.testng.internal.TestInvoker.invokeMethod(TestInvoker.java:598)
at org.testng.internal.TestInvoker.invokeTestMethod(TestInvoker.java:173)
at org.testng.internal.MethodRunner.runInSequence(MethodRunner.java:46)
at org.testng.internal.TestInvoker$MethodInvocationAgent.invoke(TestInvoker.java:824)
at org.testng.internal.TestInvoker.invokeTestMethods(TestInvoker.java:146)
at org.testng.internal.TestMethodWorker.invokeTestMethods(TestMethodWorker.java:146)
at org.testng.internal.TestMethodWorker.run(TestMethodWorker.java:128)
at java.base/java.util.ArrayList.forEach(ArrayList.java:1511)
at org.testng.TestRunner.privateRun(TestRunner.java:794)
at org.testng.TestRunner.run(TestRunner.java:596)
at org.testng.SuiteRunner.runTest(SuiteRunner.java:377)
at org.testng.SuiteRunner.runSequentially(SuiteRunner.java:371)
at org.testng.SuiteRunner.privateRun(SuiteRunner.java:332)
at org.testng.SuiteRunner.run(SuiteRunner.java:276)
at org.testng.SuiteRunnerWorker.runSuite(SuiteRunnerWorker.java:53)
at org.testng.SuiteRunnerWorker.run(SuiteRunnerWorker.java:96)
at org.testng.TestNG.runSuitesSequentially(TestNG.java:1212)
at org.testng.TestNG.runSuitesLocally(TestNG.java:1134)
at org.testng.TestNG.runSuites(TestNG.java:1063)
at org.testng.TestNG.run(TestNG.java:1031)
at org.testng.remote.AbstractRemoteTestNG.run(AbstractRemoteTestNG.java:115)
at org.testng.remote.RemoteTestNG.initAndRun(RemoteTestNG.java:251)
at org.testng.remote.RemoteTestNG.main(RemoteTestNG.java:77)
]]>
    </error>
  </testcase> <!-- time -->
  <system-out/>
  <testcase classname="RegressionTesting.cabScenario" name="departure" time="4.305"/>
  <system-out/>
  <testcase classname="RegressionTesting.cabScenario" name="arrival" time="0.668"/>
  <system-out/>
  <testcase classname="RegressionTesting.cabScenario" name="calender" time="3.973"/>
>>>>>>> 837e35c6642922403714df36cda6389376953bbf
  <system-out/>
</testsuite> <!-- RegressionTesting.cabScenario -->
