<?xml version="1.0" encoding="UTF-8"?>
<!-- Generated by org.testng.reporters.JUnitReportReporter -->
<testsuite hostname="Sachin" failures="0" tests="6" name="RegressionTesting.cabScenario" time="15.588" errors="0" timestamp="2021-07-16T12:27:28 IST" skipped="0">
  <testcase classname="RegressionTesting.cabScenario" name="time" time="6.177"/>
  <system-out/>
  <testcase classname="RegressionTesting.cabScenario" name="searchCab" time="1.916"/>
  <system-out/>
  <testcase classname="RegressionTesting.cabScenario" name="getCabDetails" time="3.758"/>
  <system-out/>
  <testcase classname="RegressionTesting.cabScenario" name="departure" time="1.577"/>
  <system-out/>
  <testcase classname="RegressionTesting.cabScenario" name="arrival" time="0.803"/>
  <system-out/>
  <testcase classname="RegressionTesting.cabScenario" name="calender" time="1.357"/>
  <system-out/>
</testsuite> <!-- RegressionTesting.cabScenario -->
