<?xml version="1.0" encoding="UTF-8"?>
<!-- Generated by org.testng.reporters.JUnitReportReporter -->
<testsuite hostname="Sachin" failures="0" tests="7" name="SmokeTesting.smokeTest" time="27.403" errors="0" timestamp="2021-07-25T14:56:17 IST" skipped="0">
  <testcase classname="SmokeTesting.smokeTest" name="getHomePageSignature" time="1.230"/>
  <system-out/>
  <testcase classname="SmokeTesting.smokeTest" name="verifyCountry" time="0.892"/>
  <system-out/>
  <testcase classname="SmokeTesting.smokeTest" name="verifyLoginButton" time="1.036"/>
  <system-out/>
  <testcase classname="SmokeTesting.smokeTest" name="loginWithGmail" time="1.132"/>
  <system-out/>
  <testcase classname="SmokeTesting.smokeTest" name="loginWithGmail" time="1.280"/>
  <system-out/>
  <testcase classname="SmokeTesting.smokeTest" name="loginFromPopUp" time="10.009"/>
  <system-out/>
  <testcase classname="SmokeTesting.smokeTest" name="loginFromPopUp" time="11.824"/>
  <system-out/>
</testsuite> <!-- SmokeTesting.smokeTest -->
