<?xml version="1.0" encoding="UTF-8"?>
<!-- Generated by org.testng.reporters.JUnitReportReporter -->
<testsuite hostname="Sachin" failures="0" tests="5" name="RegressionTesting.verifyVariousButtons" time="38.111" errors="0" timestamp="2021-07-25T13:24:54 IST" skipped="0">
  <testcase classname="RegressionTesting.verifyVariousButtons" name="verifyCabButton" time="2.432"/>
  <system-out/>
  <testcase classname="RegressionTesting.verifyVariousButtons" name="verifyCabSearchButton" time="7.990"/>
  <system-out/>
  <testcase classname="RegressionTesting.verifyVariousButtons" name="verifyHotelButton" time="3.256"/>
  <system-out/>
  <testcase classname="RegressionTesting.verifyVariousButtons" name="verifyHotelSearchButton" time="13.110"/>
  <system-out/>
  <testcase classname="RegressionTesting.verifyVariousButtons" name="verifyBuyNowButton" time="11.323"/>
  <system-out/>
</testsuite> <!-- RegressionTesting.verifyVariousButtons -->
