<?xml version="1.0" encoding="UTF-8"?>
<!-- Generated by org.testng.reporters.JUnitReportReporter -->
<testsuite hostname="Sachin" failures="0" tests="6" name="RegressionTesting.cabScenario" time="16.479" errors="0" timestamp="2021-07-18T20:47:29 IST" skipped="0">
  <testcase classname="RegressionTesting.cabScenario" name="getCabDetails" time="6.045"/>
  <system-out/>
  <testcase classname="RegressionTesting.cabScenario" name="searchCab" time="1.577"/>
  <system-out/>
  <testcase classname="RegressionTesting.cabScenario" name="departure" time="1.297"/>
  <system-out/>
  <testcase classname="RegressionTesting.cabScenario" name="arrival" time="0.617"/>
  <system-out/>
  <testcase classname="RegressionTesting.cabScenario" name="calender" time="0.933"/>
  <system-out/>
  <testcase classname="RegressionTesting.cabScenario" name="time" time="6.010"/>
  <system-out/>
</testsuite> <!-- RegressionTesting.cabScenario -->
