<?xml version="1.0" encoding="UTF-8"?>
<!-- Generated by org.testng.reporters.JUnitReportReporter -->
<testsuite hostname="Sachin" failures="0" tests="2" name="RegressionTesting.giftCardScenario" time="9.065" errors="0" timestamp="2021-07-18T20:47:29 IST" skipped="0">
  <testcase classname="RegressionTesting.giftCardScenario" name="buyGiftCard" time="7.087"/>
  <system-out/>
  <testcase classname="RegressionTesting.giftCardScenario" name="giftCards" time="1.978"/>
  <system-out/>
</testsuite> <!-- RegressionTesting.giftCardScenario -->
