<?xml version="1.0" encoding="UTF-8"?>
<!-- Generated by org.testng.reporters.JUnitReportReporter -->
<testsuite hostname="DESKTOP-50JK38S" failures="0" tests="4" name="SmokeTesting.logingIn" time="17.036" errors="0" timestamp="2021-07-15T09:26:33 IST" skipped="0">
  <testcase classname="SmokeTesting.logingIn" name="getHomePageSignature" time="2.733"/>
  <system-out/>
  <testcase classname="SmokeTesting.logingIn" name="verifyGiftCardTitle" time="14.162"/>
  <system-out/>
  <testcase classname="SmokeTesting.logingIn" name="loginWithGmail" time="0.089"/>
  <system-out/>
  <testcase classname="SmokeTesting.logingIn" name="loginFromPopUp" time="0.052"/>
  <system-out/>
</testsuite> <!-- SmokeTesting.logingIn -->
